[2018-09-04 06:50:01] production.ERROR: Symfony\Component\Debug\Exception\FatalErrorException: Class EoneoPay\ApiFormats\Exceptions\InvalidSupportedRequestFormatsConfigException contains 3 abstract methods and must therefore be declared abstract or implement the remaining methods (EoneoPay\Utils\Exceptions\CriticalException::getErrorMessage, EoneoPay\Utils\Interfaces\BaseExceptionInterface::getErrorCode, EoneoPay\Utils\Interfaces\BaseExceptionInterface::getErrorSubCode) in /Volumes/Dev/repositories/eoneopay/api-formats/src/Exceptions/InvalidSupportedRequestFormatsConfigException.php:9
Stack trace:
#0 /Volumes/Dev/repositories/eoneopay/api-formats/vendor/laravel/lumen-framework/src/Concerns/RegistersExceptionHandlers.php(54): Laravel\Lumen\Application->handleShutdown()
#1 [internal function]: Laravel\Lumen\Application->Laravel\Lumen\Concerns\{closure}()
#2 {main} {"exception":"[object] (Symfony\\Component\\Debug\\Exception\\FatalErrorException(code: 1): Class EoneoPay\\ApiFormats\\Exceptions\\InvalidSupportedRequestFormatsConfigException contains 3 abstract methods and must therefore be declared abstract or implement the remaining methods (EoneoPay\\Utils\\Exceptions\\CriticalException::getErrorMessage, EoneoPay\\Utils\\Interfaces\\BaseExceptionInterface::getErrorCode, EoneoPay\\Utils\\Interfaces\\BaseExceptionInterface::getErrorSubCode) at /Volumes/Dev/repositories/eoneopay/api-formats/src/Exceptions/InvalidSupportedRequestFormatsConfigException.php:9)
[stacktrace]
#0 /Volumes/Dev/repositories/eoneopay/api-formats/vendor/laravel/lumen-framework/src/Concerns/RegistersExceptionHandlers.php(54): Laravel\\Lumen\\Application->handleShutdown()
#1 [internal function]: Laravel\\Lumen\\Application->Laravel\\Lumen\\Concerns\\{closure}()
#2 {main}
"} 
[2018-09-04 06:50:02] production.ERROR: Symfony\Component\Debug\Exception\FatalErrorException: Class EoneoPay\ApiFormats\Exceptions\InvalidSupportedRequestFormatsConfigException contains 3 abstract methods and must therefore be declared abstract or implement the remaining methods (EoneoPay\Utils\Exceptions\CriticalException::getErrorMessage, EoneoPay\Utils\Interfaces\BaseExceptionInterface::getErrorCode, EoneoPay\Utils\Interfaces\BaseExceptionInterface::getErrorSubCode) in /Volumes/Dev/repositories/eoneopay/api-formats/src/Exceptions/InvalidSupportedRequestFormatsConfigException.php:9
Stack trace:
#0 /Volumes/Dev/repositories/eoneopay/api-formats/vendor/laravel/lumen-framework/src/Concerns/RegistersExceptionHandlers.php(54): Laravel\Lumen\Application->handleShutdown()
#1 [internal function]: Laravel\Lumen\Application->Laravel\Lumen\Concerns\{closure}()
#2 {main} {"exception":"[object] (Symfony\\Component\\Debug\\Exception\\FatalErrorException(code: 1): Class EoneoPay\\ApiFormats\\Exceptions\\InvalidSupportedRequestFormatsConfigException contains 3 abstract methods and must therefore be declared abstract or implement the remaining methods (EoneoPay\\Utils\\Exceptions\\CriticalException::getErrorMessage, EoneoPay\\Utils\\Interfaces\\BaseExceptionInterface::getErrorCode, EoneoPay\\Utils\\Interfaces\\BaseExceptionInterface::getErrorSubCode) at /Volumes/Dev/repositories/eoneopay/api-formats/src/Exceptions/InvalidSupportedRequestFormatsConfigException.php:9)
[stacktrace]
#0 /Volumes/Dev/repositories/eoneopay/api-formats/vendor/laravel/lumen-framework/src/Concerns/RegistersExceptionHandlers.php(54): Laravel\\Lumen\\Application->handleShutdown()
#1 [internal function]: Laravel\\Lumen\\Application->Laravel\\Lumen\\Concerns\\{closure}()
#2 {main}
"} 
[2018-09-04 06:53:46] production.ERROR: Symfony\Component\Debug\Exception\FatalErrorException: Class EoneoPay\ApiFormats\Exceptions\InvalidEncoderException contains 3 abstract methods and must therefore be declared abstract or implement the remaining methods (EoneoPay\Utils\Exceptions\CriticalException::getErrorMessage, EoneoPay\Utils\Interfaces\BaseExceptionInterface::getErrorCode, EoneoPay\Utils\Interfaces\BaseExceptionInterface::getErrorSubCode) in /Volumes/Dev/repositories/eoneopay/api-formats/src/Exceptions/InvalidEncoderException.php:9
Stack trace:
#0 /Volumes/Dev/repositories/eoneopay/api-formats/vendor/laravel/lumen-framework/src/Concerns/RegistersExceptionHandlers.php(54): Laravel\Lumen\Application->handleShutdown()
#1 [internal function]: Laravel\Lumen\Application->Laravel\Lumen\Concerns\{closure}()
#2 {main} {"exception":"[object] (Symfony\\Component\\Debug\\Exception\\FatalErrorException(code: 1): Class EoneoPay\\ApiFormats\\Exceptions\\InvalidEncoderException contains 3 abstract methods and must therefore be declared abstract or implement the remaining methods (EoneoPay\\Utils\\Exceptions\\CriticalException::getErrorMessage, EoneoPay\\Utils\\Interfaces\\BaseExceptionInterface::getErrorCode, EoneoPay\\Utils\\Interfaces\\BaseExceptionInterface::getErrorSubCode) at /Volumes/Dev/repositories/eoneopay/api-formats/src/Exceptions/InvalidEncoderException.php:9)
[stacktrace]
#0 /Volumes/Dev/repositories/eoneopay/api-formats/vendor/laravel/lumen-framework/src/Concerns/RegistersExceptionHandlers.php(54): Laravel\\Lumen\\Application->handleShutdown()
#1 [internal function]: Laravel\\Lumen\\Application->Laravel\\Lumen\\Concerns\\{closure}()
#2 {main}
"} 
[2018-09-04 06:53:46] production.ERROR: Symfony\Component\Debug\Exception\FatalErrorException: Class EoneoPay\ApiFormats\Exceptions\InvalidEncoderException contains 3 abstract methods and must therefore be declared abstract or implement the remaining methods (EoneoPay\Utils\Exceptions\CriticalException::getErrorMessage, EoneoPay\Utils\Interfaces\BaseExceptionInterface::getErrorCode, EoneoPay\Utils\Interfaces\BaseExceptionInterface::getErrorSubCode) in /Volumes/Dev/repositories/eoneopay/api-formats/src/Exceptions/InvalidEncoderException.php:9
Stack trace:
#0 /Volumes/Dev/repositories/eoneopay/api-formats/vendor/laravel/lumen-framework/src/Concerns/RegistersExceptionHandlers.php(54): Laravel\Lumen\Application->handleShutdown()
#1 [internal function]: Laravel\Lumen\Application->Laravel\Lumen\Concerns\{closure}()
#2 {main} {"exception":"[object] (Symfony\\Component\\Debug\\Exception\\FatalErrorException(code: 1): Class EoneoPay\\ApiFormats\\Exceptions\\InvalidEncoderException contains 3 abstract methods and must therefore be declared abstract or implement the remaining methods (EoneoPay\\Utils\\Exceptions\\CriticalException::getErrorMessage, EoneoPay\\Utils\\Interfaces\\BaseExceptionInterface::getErrorCode, EoneoPay\\Utils\\Interfaces\\BaseExceptionInterface::getErrorSubCode) at /Volumes/Dev/repositories/eoneopay/api-formats/src/Exceptions/InvalidEncoderException.php:9)
[stacktrace]
#0 /Volumes/Dev/repositories/eoneopay/api-formats/vendor/laravel/lumen-framework/src/Concerns/RegistersExceptionHandlers.php(54): Laravel\\Lumen\\Application->handleShutdown()
#1 [internal function]: Laravel\\Lumen\\Application->Laravel\\Lumen\\Concerns\\{closure}()
#2 {main}
"} 
