[2019-04-18 02:25:48] production.ERROR: Symfony\Component\Debug\Exception\FatalErrorException: Class Tests\EoneoPay\ApiFormats\Stubs\CollectionInterfaceStub contains 6 abstract methods and must therefore be declared abstract or implement the remaining methods (ArrayAccess::offsetExists, ArrayAccess::offsetGet, ArrayAccess::offsetSet, ...) in /Volumes/Dev/repositories/apiformats/tests/Stubs/CollectionInterfaceStub.php:14
Stack trace:
#0 /Volumes/Dev/repositories/apiformats/vendor/laravel/lumen-framework/src/Concerns/RegistersExceptionHandlers.php(54): Laravel\Lumen\Application->handleShutdown()
#1 [internal function]: Laravel\Lumen\Application->Laravel\Lumen\Concerns\{closure}()
#2 {main} {"exception":"[object] (Symfony\\Component\\Debug\\Exception\\FatalErrorException(code: 1): Class Tests\\EoneoPay\\ApiFormats\\Stubs\\CollectionInterfaceStub contains 6 abstract methods and must therefore be declared abstract or implement the remaining methods (ArrayAccess::offsetExists, ArrayAccess::offsetGet, ArrayAccess::offsetSet, ...) at /Volumes/Dev/repositories/apiformats/tests/Stubs/CollectionInterfaceStub.php:14)
[stacktrace]
#0 /Volumes/Dev/repositories/apiformats/vendor/laravel/lumen-framework/src/Concerns/RegistersExceptionHandlers.php(54): Laravel\\Lumen\\Application->handleShutdown()
#1 [internal function]: Laravel\\Lumen\\Application->Laravel\\Lumen\\Concerns\\{closure}()
#2 {main}
"} 
[2019-04-18 02:25:48] production.ERROR: Symfony\Component\Debug\Exception\FatalErrorException: Class Tests\EoneoPay\ApiFormats\Stubs\CollectionInterfaceStub contains 6 abstract methods and must therefore be declared abstract or implement the remaining methods (ArrayAccess::offsetExists, ArrayAccess::offsetGet, ArrayAccess::offsetSet, ...) in /Volumes/Dev/repositories/apiformats/tests/Stubs/CollectionInterfaceStub.php:14
Stack trace:
#0 /Volumes/Dev/repositories/apiformats/vendor/laravel/lumen-framework/src/Concerns/RegistersExceptionHandlers.php(54): Laravel\Lumen\Application->handleShutdown()
#1 [internal function]: Laravel\Lumen\Application->Laravel\Lumen\Concerns\{closure}()
#2 {main} {"exception":"[object] (Symfony\\Component\\Debug\\Exception\\FatalErrorException(code: 1): Class Tests\\EoneoPay\\ApiFormats\\Stubs\\CollectionInterfaceStub contains 6 abstract methods and must therefore be declared abstract or implement the remaining methods (ArrayAccess::offsetExists, ArrayAccess::offsetGet, ArrayAccess::offsetSet, ...) at /Volumes/Dev/repositories/apiformats/tests/Stubs/CollectionInterfaceStub.php:14)
[stacktrace]
#0 /Volumes/Dev/repositories/apiformats/vendor/laravel/lumen-framework/src/Concerns/RegistersExceptionHandlers.php(54): Laravel\\Lumen\\Application->handleShutdown()
#1 [internal function]: Laravel\\Lumen\\Application->Laravel\\Lumen\\Concerns\\{closure}()
#2 {main}
"} 
